<?xml version="1.0" encoding="UTF-8"?>
<testsuite name="com.studentapp.junit.studentinfo.CreateStudentsDataDrivenTest" time="17.63" tests="100" errors="0" skipped="0" failures="0">
  <properties>
[...]
</properties>
  <testcase name="createMutipleStudents[0]" classname="com.studentapp.junit.studentinfo.CreateStudentsDataDrivenTest" time="4.233"/>
  <testcase name="createMutipleStudents[1]" classname="com.studentapp.junit.studentinfo.CreateStudentsDataDrivenTest" time="0.168"/>
  <testcase name="createMutipleStudents[2]" classname="com.studentapp.junit.studentinfo.CreateStudentsDataDrivenTest" time="0.157"/>
  <testcase name="createMutipleStudents[3]" classname="com.studentapp.junit.studentinfo.CreateStudentsDataDrivenTest" time="0.154"/>
  <testcase name="createMutipleStudents[4]" classname="com.studentapp.junit.studentinfo.CreateStudentsDataDrivenTest" time="0.19"/>
  <testcase name="createMutipleStudents[5]" classname="com.studentapp.junit.studentinfo.CreateStudentsDataDrivenTest" time="0.134"/>
  <testcase name="createMutipleStudents[6]" classname="com.studentapp.junit.studentinfo.CreateStudentsDataDrivenTest" time="0.125"/>
  <testcase name="createMutipleStudents[7]" classname="com.studentapp.junit.studentinfo.CreateStudentsDataDrivenTest" time="0.143"/>
  <testcase name="createMutipleStudents[8]" classname="com.studentapp.junit.studentinfo.CreateStudentsDataDrivenTest" time="0.124"/>
  <testcase name="createMutipleStudents[9]" classname="com.studentapp.junit.studentinfo.CreateStudentsDataDrivenTest" time="0.132"/>
  <testcase name="createMutipleStudents[10]" classname="com.studentapp.junit.studentinfo.CreateStudentsDataDrivenTest" time="0.16"/>
  <testcase name="createMutipleStudents[11]" classname="com.studentapp.junit.studentinfo.CreateStudentsDataDrivenTest" time="0.145"/>
  <testcase name="createMutipleStudents[12]" classname="com.studentapp.junit.studentinfo.CreateStudentsDataDrivenTest" time="0.143"/>
  <testcase name="createMutipleStudents[13]" classname="com.studentapp.junit.studentinfo.CreateStudentsDataDrivenTest" time="0.14"/>
  <testcase name="createMutipleStudents[14]" classname="com.studentapp.junit.studentinfo.CreateStudentsDataDrivenTest" time="0.26"/>
  <testcase name="createMutipleStudents[15]" classname="com.studentapp.junit.studentinfo.CreateStudentsDataDrivenTest" time="0.171"/>
  <testcase name="createMutipleStudents[16]" classname="com.studentapp.junit.studentinfo.CreateStudentsDataDrivenTest" time="0.149"/>
  <testcase name="createMutipleStudents[17]" classname="com.studentapp.junit.studentinfo.CreateStudentsDataDrivenTest" time="0.148"/>
  <testcase name="createMutipleStudents[18]" classname="com.studentapp.junit.studentinfo.CreateStudentsDataDrivenTest" time="0.136"/>
  <testcase name="createMutipleStudents[19]" classname="com.studentapp.junit.studentinfo.CreateStudentsDataDrivenTest" time="0.143"/>
  <testcase name="createMutipleStudents[20]" classname="com.studentapp.junit.studentinfo.CreateStudentsDataDrivenTest" time="0.136"/>
  <testcase name="createMutipleStudents[21]" classname="com.studentapp.junit.studentinfo.CreateStudentsDataDrivenTest" time="0.172"/>
  <testcase name="createMutipleStudents[22]" classname="com.studentapp.junit.studentinfo.CreateStudentsDataDrivenTest" time="0.15"/>
  <testcase name="createMutipleStudents[23]" classname="com.studentapp.junit.studentinfo.CreateStudentsDataDrivenTest" time="0.181"/>
  <testcase name="createMutipleStudents[24]" classname="com.studentapp.junit.studentinfo.CreateStudentsDataDrivenTest" time="0.131"/>
  <testcase name="createMutipleStudents[25]" classname="com.studentapp.junit.studentinfo.CreateStudentsDataDrivenTest" time="0.125"/>
  <testcase name="createMutipleStudents[26]" classname="com.studentapp.junit.studentinfo.CreateStudentsDataDrivenTest" time="0.122"/>
  <testcase name="createMutipleStudents[27]" classname="com.studentapp.junit.studentinfo.CreateStudentsDataDrivenTest" time="0.13"/>
  <testcase name="createMutipleStudents[28]" classname="com.studentapp.junit.studentinfo.CreateStudentsDataDrivenTest" time="0.128"/>
  <testcase name="createMutipleStudents[29]" classname="com.studentapp.junit.studentinfo.CreateStudentsDataDrivenTest" time="0.119"/>
  <testcase name="createMutipleStudents[30]" classname="com.studentapp.junit.studentinfo.CreateStudentsDataDrivenTest" time="0.125"/>
  <testcase name="createMutipleStudents[31]" classname="com.studentapp.junit.studentinfo.CreateStudentsDataDrivenTest" time="0.119"/>
  <testcase name="createMutipleStudents[32]" classname="com.studentapp.junit.studentinfo.CreateStudentsDataDrivenTest" time="0.125"/>
  <testcase name="createMutipleStudents[33]" classname="com.studentapp.junit.studentinfo.CreateStudentsDataDrivenTest" time="0.144"/>
  <testcase name="createMutipleStudents[34]" classname="com.studentapp.junit.studentinfo.CreateStudentsDataDrivenTest" time="0.143"/>
  <testcase name="createMutipleStudents[35]" classname="com.studentapp.junit.studentinfo.CreateStudentsDataDrivenTest" time="0.205"/>
  <testcase name="createMutipleStudents[36]" classname="com.studentapp.junit.studentinfo.CreateStudentsDataDrivenTest" time="0.133"/>
  <testcase name="createMutipleStudents[37]" classname="com.studentapp.junit.studentinfo.CreateStudentsDataDrivenTest" time="0.123"/>
  <testcase name="createMutipleStudents[38]" classname="com.studentapp.junit.studentinfo.CreateStudentsDataDrivenTest" time="0.134"/>
  <testcase name="createMutipleStudents[39]" classname="com.studentapp.junit.studentinfo.CreateStudentsDataDrivenTest" time="0.132"/>
  <testcase name="createMutipleStudents[40]" classname="com.studentapp.junit.studentinfo.CreateStudentsDataDrivenTest" time="0.129"/>
  <testcase name="createMutipleStudents[41]" classname="com.studentapp.junit.studentinfo.CreateStudentsDataDrivenTest" time="0.121"/>
  <testcase name="createMutipleStudents[42]" classname="com.studentapp.junit.studentinfo.CreateStudentsDataDrivenTest" time="0.14"/>
  <testcase name="createMutipleStudents[43]" classname="com.studentapp.junit.studentinfo.CreateStudentsDataDrivenTest" time="0.118"/>
  <testcase name="createMutipleStudents[44]" classname="com.studentapp.junit.studentinfo.CreateStudentsDataDrivenTest" time="0.122"/>
  <testcase name="createMutipleStudents[45]" classname="com.studentapp.junit.studentinfo.CreateStudentsDataDrivenTest" time="0.118"/>
  <testcase name="createMutipleStudents[46]" classname="com.studentapp.junit.studentinfo.CreateStudentsDataDrivenTest" time="0.119"/>
  <testcase name="createMutipleStudents[47]" classname="com.studentapp.junit.studentinfo.CreateStudentsDataDrivenTest" time="0.175"/>
  <testcase name="createMutipleStudents[48]" classname="com.studentapp.junit.studentinfo.CreateStudentsDataDrivenTest" time="0.123"/>
  <testcase name="createMutipleStudents[49]" classname="com.studentapp.junit.studentinfo.CreateStudentsDataDrivenTest" time="0.118"/>
  <testcase name="createMutipleStudents[50]" classname="com.studentapp.junit.studentinfo.CreateStudentsDataDrivenTest" time="0.125"/>
  <testcase name="createMutipleStudents[51]" classname="com.studentapp.junit.studentinfo.CreateStudentsDataDrivenTest" time="0.119"/>
  <testcase name="createMutipleStudents[52]" classname="com.studentapp.junit.studentinfo.CreateStudentsDataDrivenTest" time="0.122"/>
  <testcase name="createMutipleStudents[53]" classname="com.studentapp.junit.studentinfo.CreateStudentsDataDrivenTest" time="0.119"/>
  <testcase name="createMutipleStudents[54]" classname="com.studentapp.junit.studentinfo.CreateStudentsDataDrivenTest" time="0.116"/>
  <testcase name="createMutipleStudents[55]" classname="com.studentapp.junit.studentinfo.CreateStudentsDataDrivenTest" time="0.119"/>
  <testcase name="createMutipleStudents[56]" classname="com.studentapp.junit.studentinfo.CreateStudentsDataDrivenTest" time="0.126"/>
  <testcase name="createMutipleStudents[57]" classname="com.studentapp.junit.studentinfo.CreateStudentsDataDrivenTest" time="0.132"/>
  <testcase name="createMutipleStudents[58]" classname="com.studentapp.junit.studentinfo.CreateStudentsDataDrivenTest" time="0.138"/>
  <testcase name="createMutipleStudents[59]" classname="com.studentapp.junit.studentinfo.CreateStudentsDataDrivenTest" time="0.133"/>
  <testcase name="createMutipleStudents[60]" classname="com.studentapp.junit.studentinfo.CreateStudentsDataDrivenTest" time="0.133"/>
  <testcase name="createMutipleStudents[61]" classname="com.studentapp.junit.studentinfo.CreateStudentsDataDrivenTest" time="0.153"/>
  <testcase name="createMutipleStudents[62]" classname="com.studentapp.junit.studentinfo.CreateStudentsDataDrivenTest" time="0.171"/>
  <testcase name="createMutipleStudents[63]" classname="com.studentapp.junit.studentinfo.CreateStudentsDataDrivenTest" time="0.162"/>
  <testcase name="createMutipleStudents[64]" classname="com.studentapp.junit.studentinfo.CreateStudentsDataDrivenTest" time="0.252"/>
  <testcase name="createMutipleStudents[65]" classname="com.studentapp.junit.studentinfo.CreateStudentsDataDrivenTest" time="0.121"/>
  <testcase name="createMutipleStudents[66]" classname="com.studentapp.junit.studentinfo.CreateStudentsDataDrivenTest" time="0.116"/>
  <testcase name="createMutipleStudents[67]" classname="com.studentapp.junit.studentinfo.CreateStudentsDataDrivenTest" time="0.116"/>
  <testcase name="createMutipleStudents[68]" classname="com.studentapp.junit.studentinfo.CreateStudentsDataDrivenTest" time="0.115"/>
  <testcase name="createMutipleStudents[69]" classname="com.studentapp.junit.studentinfo.CreateStudentsDataDrivenTest" time="0.116"/>
  <testcase name="createMutipleStudents[70]" classname="com.studentapp.junit.studentinfo.CreateStudentsDataDrivenTest" time="0.119"/>
  <testcase name="createMutipleStudents[71]" classname="com.studentapp.junit.studentinfo.CreateStudentsDataDrivenTest" time="0.14"/>
  <testcase name="createMutipleStudents[72]" classname="com.studentapp.junit.studentinfo.CreateStudentsDataDrivenTest" time="0.12"/>
  <testcase name="createMutipleStudents[73]" classname="com.studentapp.junit.studentinfo.CreateStudentsDataDrivenTest" time="0.12"/>
  <testcase name="createMutipleStudents[74]" classname="com.studentapp.junit.studentinfo.CreateStudentsDataDrivenTest" time="0.113"/>
  <testcase name="createMutipleStudents[75]" classname="com.studentapp.junit.studentinfo.CreateStudentsDataDrivenTest" time="0.131"/>
  <testcase name="createMutipleStudents[76]" classname="com.studentapp.junit.studentinfo.CreateStudentsDataDrivenTest" time="0.127"/>
  <testcase name="createMutipleStudents[77]" classname="com.studentapp.junit.studentinfo.CreateStudentsDataDrivenTest" time="0.118"/>
  <testcase name="createMutipleStudents[78]" classname="com.studentapp.junit.studentinfo.CreateStudentsDataDrivenTest" time="0.119"/>
  <testcase name="createMutipleStudents[79]" classname="com.studentapp.junit.studentinfo.CreateStudentsDataDrivenTest" time="0.134"/>
  <testcase name="createMutipleStudents[80]" classname="com.studentapp.junit.studentinfo.CreateStudentsDataDrivenTest" time="0.114"/>
  <testcase name="createMutipleStudents[81]" classname="com.studentapp.junit.studentinfo.CreateStudentsDataDrivenTest" time="0.14"/>
  <testcase name="createMutipleStudents[82]" classname="com.studentapp.junit.studentinfo.CreateStudentsDataDrivenTest" time="0.176"/>
  <testcase name="createMutipleStudents[83]" classname="com.studentapp.junit.studentinfo.CreateStudentsDataDrivenTest" time="0.121"/>
  <testcase name="createMutipleStudents[84]" classname="com.studentapp.junit.studentinfo.CreateStudentsDataDrivenTest" time="0.118"/>
  <testcase name="createMutipleStudents[85]" classname="com.studentapp.junit.studentinfo.CreateStudentsDataDrivenTest" time="0.116"/>
  <testcase name="createMutipleStudents[86]" classname="com.studentapp.junit.studentinfo.CreateStudentsDataDrivenTest" time="0.122"/>
  <testcase name="createMutipleStudents[87]" classname="com.studentapp.junit.studentinfo.CreateStudentsDataDrivenTest" time="0.132"/>
  <testcase name="createMutipleStudents[88]" classname="com.studentapp.junit.studentinfo.CreateStudentsDataDrivenTest" time="0.115"/>
  <testcase name="createMutipleStudents[89]" classname="com.studentapp.junit.studentinfo.CreateStudentsDataDrivenTest" time="0.123"/>
  <testcase name="createMutipleStudents[90]" classname="com.studentapp.junit.studentinfo.CreateStudentsDataDrivenTest" time="0.115"/>
  <testcase name="createMutipleStudents[91]" classname="com.studentapp.junit.studentinfo.CreateStudentsDataDrivenTest" time="0.119"/>
  <testcase name="createMutipleStudents[92]" classname="com.studentapp.junit.studentinfo.CreateStudentsDataDrivenTest" time="0.116"/>
  <testcase name="createMutipleStudents[93]" classname="com.studentapp.junit.studentinfo.CreateStudentsDataDrivenTest" time="0.117"/>
  <testcase name="createMutipleStudents[94]" classname="com.studentapp.junit.studentinfo.CreateStudentsDataDrivenTest" time="0.119"/>
  <testcase name="createMutipleStudents[95]" classname="com.studentapp.junit.studentinfo.CreateStudentsDataDrivenTest" time="0.125"/>
  <testcase name="createMutipleStudents[96]" classname="com.studentapp.junit.studentinfo.CreateStudentsDataDrivenTest" time="0.115"/>
  <testcase name="createMutipleStudents[97]" classname="com.studentapp.junit.studentinfo.CreateStudentsDataDrivenTest" time="0.117"/>
  <testcase name="createMutipleStudents[98]" classname="com.studentapp.junit.studentinfo.CreateStudentsDataDrivenTest" time="0.128"/>
  <testcase name="createMutipleStudents[99]" classname="com.studentapp.junit.studentinfo.CreateStudentsDataDrivenTest" time="0.122"/>
</testsuite>