<?xml version="1.0" encoding="UTF-8"?>
<testsuite name="com.studentapp.junit.studentsinfo.FirstSerenityTest" time="2.029" tests="7" errors="2" skipped="3" failures="1">
  <properties>
[...]
</properties>
  <testcase name="thisIsASkippedTest" classname="com.studentapp.junit.studentsinfo.FirstSerenityTest" time="0">
    <skipped/>
    <system-err><![CDATA[28730 [main] INFO net.serenitybdd.core.Serenity - 
        __    _____ _____ ____ _____   ____   _    ____  ____  _____ ____  
  _     \ \  |_   _| ____/ ___|_   _| |  _ \ / \  / ___|/ ___|| ____|  _ \ 
 (_)_____| |   | | |  _| \___ \ | |   | |_) / _ \ \___ \\___ \|  _| | | | |
  _|_____| |   | | | |___ ___) || |   |  __/ ___ \ ___) |___) | |___| |_| |
 (_)     | |   |_| |_____|____/ |_|   |_| /_/   \_\____/|____/|_____|____/ 
        /_/                                                                

TEST PASSED: DataDriven Test for Adding Mutiple Students to StudentApp
----------------------------------------------------------------------------
29040 [pool-1-thread-1] INFO net.thucydides.core.reports.json.JSONTestOutcomeReporter - Generating JSON report for DataDriven Test for Adding Mutiple Students to StudentApp to file C:\Users\Abhinav\Desktop\New folder\StudentApp-1\target\site\serenity\85e41335d0e16598e60ab8dff0d6fcbbbf8cbdf65f23b68c8009726a6b25b320.json (using temp file C:\Users\Abhinav\Desktop\New folder\StudentApp-1\target\site\serenity\85e41335d0e16598e60ab8dff0d6fcbbbf8cbdf65f23b68c8009726a6b25b320.json3276f65e-3cb1-4ecb-a1ca-50c8d39a8d38)
30210 [pool-1-thread-2] INFO net.thucydides.core.reports.html.HtmlAcceptanceTestReporter - GENERATING HTML REPORT FOR Create students data driven test:createMutipleStudents in 85e41335d0e16598e60ab8dff0d6fcbbbf8cbdf65f23b68c8009726a6b25b320.html in directory target\site\serenity  
32712 [main] INFO net.serenitybdd.core.Serenity - Test Suite Started: First serenity test
32715 [main] INFO net.serenitybdd.core.Serenity - 
 _____ _____ ____ _____   ____ _____  _    ____ _____ _____ ____  
|_   _| ____/ ___|_   _| / ___|_   _|/ \  |  _ \_   _| ____|  _ \ 
  | | |  _| \___ \ | |   \___ \ | | / _ \ | |_) || | |  _| | | | |
  | | | |___ ___) || |    ___) || |/ ___ \|  _ < | | | |___| |_| |
  |_| |_____|____/ |_|   |____/ |_/_/   \_\_| \_\|_| |_____|____/ 
                                                                  

TEST STARTED: thisIsASkippedTest
-------------------------------------------------------------------
32715 [main] INFO net.serenitybdd.core.Serenity - TEST NUMBER: 101
32715 [main] INFO net.serenitybdd.core.Serenity - TEST IGNORED
32716 [main] INFO net.serenitybdd.core.Serenity - 
            __  _____ _____ ____ _____   ____  _  _____ ____  ____  _____ ____  
  _        / / |_   _| ____/ ___|_   _| / ___|| |/ /_ _|  _ \|  _ \| ____|  _ \ 
 (_)_____ / /    | | |  _| \___ \ | |   \___ \| ' / | || |_) | |_) |  _| | | | |
  _|_____/ /     | | | |___ ___) || |    ___) | . \ | ||  __/|  __/| |___| |_| |
 (_)    /_/      |_| |_____|____/ |_|   |____/|_|\_\___|_|   |_|   |_____|____/ 
                                                                                

TEST SKIPPED: This is a skipped test
---------------------------------------------------------------------------------
]]></system-err>
  </testcase>
  <testcase name="thisIsAtestWithError" classname="com.studentapp.junit.studentsinfo.FirstSerenityTest" time="0.003">
    <error message="/ by zero" type="java.lang.ArithmeticException">java.lang.ArithmeticException: / by zero
	at com.studentapp.junit.studentsinfo.FirstSerenityTest.thisIsAtestWithError(FirstSerenityTest.java:62)
</error>
    <system-err><![CDATA[32720 [main] INFO net.serenitybdd.core.Serenity - 
 _____ _____ ____ _____   ____ _____  _    ____ _____ _____ ____  
|_   _| ____/ ___|_   _| / ___|_   _|/ \  |  _ \_   _| ____|  _ \ 
  | | |  _| \___ \ | |   \___ \ | | / _ \ | |_) || | |  _| | | | |
  | | | |___ ___) || |    ___) || |/ ___ \|  _ < | | | |___| |_| |
  |_| |_____|____/ |_|   |____/ |_/_/   \_\_| \_\|_| |_____|____/ 
                                                                  

TEST STARTED: thisIsAtestWithError
-------------------------------------------------------------------
32720 [main] INFO net.serenitybdd.core.Serenity - TEST NUMBER: 102
]]></system-err>
  </testcase>
  <testcase name="thisIsAPendingTest" classname="com.studentapp.junit.studentsinfo.FirstSerenityTest" time="0">
    <skipped/>
    <system-err><![CDATA[32880 [main] ERROR net.serenitybdd.core.Serenity - 
           __  _____ _____ ____ _____   _____ _    ___ _     _____ ____  
  _       / / |_   _| ____/ ___|_   _| |  ___/ \  |_ _| |   | ____|  _ \ 
 (_)_____| |    | | |  _| \___ \ | |   | |_ / _ \  | || |   |  _| | | | |
  _|_____| |    | | | |___ ___) || |   |  _/ ___ \ | || |___| |___| |_| |
 (_)     | |    |_| |_____|____/ |_|   |_|/_/   \_\___|_____|_____|____/ 
          \_\                                                            

TEST FAILED WITH ERROR: This is atest with error
---------------------------------------------------------------------
32882 [main] ERROR net.serenitybdd.core.Serenity - / by zero
32889 [main] INFO net.serenitybdd.core.Serenity - 
 _____ _____ ____ _____   ____ _____  _    ____ _____ _____ ____  
|_   _| ____/ ___|_   _| / ___|_   _|/ \  |  _ \_   _| ____|  _ \ 
  | | |  _| \___ \ | |   \___ \ | | / _ \ | |_) || | |  _| | | | |
  | | | |___ ___) || |    ___) || |/ ___ \|  _ < | | | |___| |_| |
  |_| |_____|____/ |_|   |____/ |_/_/   \_\_| \_\|_| |_____|____/ 
                                                                  

TEST STARTED: thisIsAPendingTest
-------------------------------------------------------------------
32889 [main] INFO net.serenitybdd.core.Serenity - TEST NUMBER: 103
32889 [main] INFO net.serenitybdd.core.Serenity - TEST PENDING
32890 [main] INFO net.serenitybdd.core.Serenity - 
          __  _____ _____ ____ _____   ____  _____ _   _ ____ ___ _   _  ____ 
 _       / / |_   _| ____/ ___|_   _| |  _ \| ____| \ | |  _ \_ _| \ | |/ ___|
(_)____ / /    | | |  _| \___ \ | |   | |_) |  _| |  \| | | | | ||  \| | |  _ 
 |_____/ /     | | | |___ ___) || |   |  __/| |___| |\  | |_| | || |\  | |_| |
(_)   /_/      |_| |_____|____/ |_|   |_|   |_____|_| \_|____/___|_| \_|\____|
                                                                                

TEST PENDING: This is a pending test
---------------------------------------------------------------------------------
]]></system-err>
  </testcase>
  <testcase name="thisIsAManualTest" classname="com.studentapp.junit.studentsinfo.FirstSerenityTest" time="0">
    <skipped/>
    <system-err><![CDATA[32894 [main] INFO net.serenitybdd.core.Serenity - 
 _____ _____ ____ _____   ____ _____  _    ____ _____ _____ ____  
|_   _| ____/ ___|_   _| / ___|_   _|/ \  |  _ \_   _| ____|  _ \ 
  | | |  _| \___ \ | |   \___ \ | | / _ \ | |_) || | |  _| | | | |
  | | | |___ ___) || |    ___) || |/ ___ \|  _ < | | | |___| |_| |
  |_| |_____|____/ |_|   |____/ |_/_/   \_\_| \_\|_| |_____|____/ 
                                                                  

TEST STARTED: thisIsAManualTest
-------------------------------------------------------------------
32894 [main] INFO net.serenitybdd.core.Serenity - TEST NUMBER: 104
32895 [main] INFO net.serenitybdd.core.Serenity - TEST MANUAL
32895 [main] INFO net.serenitybdd.core.Serenity - TEST PENDING
32896 [main] INFO net.serenitybdd.core.Serenity - 
          __  _____ _____ ____ _____   ____  _____ _   _ ____ ___ _   _  ____ 
 _       / / |_   _| ____/ ___|_   _| |  _ \| ____| \ | |  _ \_ _| \ | |/ ___|
(_)____ / /    | | |  _| \___ \ | |   | |_) |  _| |  \| | | | | ||  \| | |  _ 
 |_____/ /     | | | |___ ___) || |   |  __/| |___| |\  | |_| | || |\  | |_| |
(_)   /_/      |_| |_____|____/ |_|   |_|   |_____|_| \_|____/___|_| \_|\____|
                                                                                

TEST PENDING: This is a manual test
---------------------------------------------------------------------------------
]]></system-err>
  </testcase>
  <testcase name="thisIsaFailing" classname="com.studentapp.junit.studentsinfo.FirstSerenityTest" time="1.702">
    <failure message="1 expectation failed.&#10;Expected status code &lt;500&gt; but was &lt;200&gt;.&#10;" type="java.lang.AssertionError"><![CDATA[java.lang.AssertionError: 1 expectation failed.
Expected status code <500> but was <200>.

	at sun.reflect.NativeConstructorAccessorImpl.newInstance0(Native Method)
	at sun.reflect.NativeConstructorAccessorImpl.newInstance(Unknown Source)
	at sun.reflect.DelegatingConstructorAccessorImpl.newInstance(Unknown Source)
	at java.lang.reflect.Constructor.newInstance(Unknown Source)
	at org.codehaus.groovy.reflection.CachedConstructor.invoke(CachedConstructor.java:83)
	at org.codehaus.groovy.reflection.CachedConstructor.doConstructorInvoke(CachedConstructor.java:77)
	at org.codehaus.groovy.runtime.callsite.ConstructorSite$ConstructorSiteNoUnwrap.callConstructor(ConstructorSite.java:84)
	at org.codehaus.groovy.runtime.callsite.CallSiteArray.defaultCallConstructor(CallSiteArray.java:60)
	at org.codehaus.groovy.runtime.callsite.AbstractCallSite.callConstructor(AbstractCallSite.java:235)
	at org.codehaus.groovy.runtime.callsite.AbstractCallSite.callConstructor(AbstractCallSite.java:247)
	at io.restassured.internal.ResponseSpecificationImpl$HamcrestAssertionClosure.validate(ResponseSpecificationImpl.groovy:471)
	at io.restassured.internal.ResponseSpecificationImpl$HamcrestAssertionClosure$validate$1.call(Unknown Source)
	at org.codehaus.groovy.runtime.callsite.CallSiteArray.defaultCall(CallSiteArray.java:48)
	at org.codehaus.groovy.runtime.callsite.AbstractCallSite.call(AbstractCallSite.java:113)
	at org.codehaus.groovy.runtime.callsite.AbstractCallSite.call(AbstractCallSite.java:125)
	at io.restassured.internal.ResponseSpecificationImpl.validateResponseIfRequired(ResponseSpecificationImpl.groovy:636)
	at sun.reflect.NativeMethodAccessorImpl.invoke0(Native Method)
	at sun.reflect.NativeMethodAccessorImpl.invoke(Unknown Source)
	at sun.reflect.DelegatingMethodAccessorImpl.invoke(Unknown Source)
	at java.lang.reflect.Method.invoke(Unknown Source)
	at org.codehaus.groovy.runtime.callsite.PogoMetaMethodSite$PogoCachedMethodSiteNoUnwrapNoCoerce.invoke(PogoMetaMethodSite.java:210)
	at org.codehaus.groovy.runtime.callsite.PogoMetaMethodSite.callCurrent(PogoMetaMethodSite.java:59)
	at org.codehaus.groovy.runtime.callsite.CallSiteArray.defaultCallCurrent(CallSiteArray.java:52)
	at org.codehaus.groovy.runtime.callsite.AbstractCallSite.callCurrent(AbstractCallSite.java:154)
	at org.codehaus.groovy.runtime.callsite.AbstractCallSite.callCurrent(AbstractCallSite.java:166)
	at io.restassured.internal.ResponseSpecificationImpl.statusCode(ResponseSpecificationImpl.groovy:122)
	at io.restassured.specification.ResponseSpecification$statusCode$0.callCurrent(Unknown Source)
	at org.codehaus.groovy.runtime.callsite.CallSiteArray.defaultCallCurrent(CallSiteArray.java:52)
	at org.codehaus.groovy.runtime.callsite.AbstractCallSite.callCurrent(AbstractCallSite.java:154)
	at org.codehaus.groovy.runtime.callsite.AbstractCallSite.callCurrent(AbstractCallSite.java:166)
	at io.restassured.internal.ResponseSpecificationImpl.statusCode(ResponseSpecificationImpl.groovy:130)
	at io.restassured.internal.ValidatableResponseOptionsImpl.statusCode(ValidatableResponseOptionsImpl.java:117)
	at com.studentapp.junit.studentsinfo.FirstSerenityTest.thisIsaFailing(FirstSerenityTest.java:44)
]]></failure>
    <system-err><![CDATA[32900 [main] INFO net.serenitybdd.core.Serenity - 
 _____ _____ ____ _____   ____ _____  _    ____ _____ _____ ____  
|_   _| ____/ ___|_   _| / ___|_   _|/ \  |  _ \_   _| ____|  _ \ 
  | | |  _| \___ \ | |   \___ \ | | / _ \ | |_) || | |  _| | | | |
  | | | |___ ___) || |    ___) || |/ ___ \|  _ < | | | |___| |_| |
  |_| |_____|____/ |_|   |____/ |_/_/   \_\_| \_\|_| |_____|____/ 
                                                                  

TEST STARTED: thisIsaFailing
-------------------------------------------------------------------
32900 [main] INFO net.serenitybdd.core.Serenity - TEST NUMBER: 105
]]></system-err>
  </testcase>
  <testcase name="fileDoesNotExist" classname="com.studentapp.junit.studentsinfo.FirstSerenityTest" time="0.021">
    <error message="E:\file.txt (The system cannot find the file specified)" type="java.io.FileNotFoundException"><![CDATA[java.io.FileNotFoundException: E:\file.txt (The system cannot find the file specified)
	at java.io.FileInputStream.open0(Native Method)
	at java.io.FileInputStream.open(Unknown Source)
	at java.io.FileInputStream.<init>(Unknown Source)
	at java.io.FileReader.<init>(Unknown Source)
	at com.studentapp.junit.studentsinfo.FirstSerenityTest.fileDoesNotExist(FirstSerenityTest.java:69)
]]></error>
    <system-err><![CDATA[34663 [main] ERROR net.serenitybdd.core.Serenity - 
           __  _____ _____ ____ _____   _____ _    ___ _     _____ ____  
  _       / / |_   _| ____/ ___|_   _| |  ___/ \  |_ _| |   | ____|  _ \ 
 (_)_____| |    | | |  _| \___ \ | |   | |_ / _ \  | || |   |  _| | | | |
  _|_____| |    | | | |___ ___) || |   |  _/ ___ \ | || |___| |___| |_| |
 (_)     | |    |_| |_____|____/ |_|   |_|/_/   \_\___|_____|_____|____/ 
          \_\                                                            

TEST FAILED: This isa failing
--------------------------------------------------------------------------
34664 [main] ERROR net.serenitybdd.core.Serenity - 1 expectation failed.Expected status code <500> but was <200>.
34672 [main] INFO net.serenitybdd.core.Serenity - 
 _____ _____ ____ _____   ____ _____  _    ____ _____ _____ ____  
|_   _| ____/ ___|_   _| / ___|_   _|/ \  |  _ \_   _| ____|  _ \ 
  | | |  _| \___ \ | |   \___ \ | | / _ \ | |_) || | |  _| | | | |
  | | | |___ ___) || |    ___) || |/ ___ \|  _ < | | | |___| |_| |
  |_| |_____|____/ |_|   |____/ |_/_/   \_\_| \_\|_| |_____|____/ 
                                                                  

TEST STARTED: fileDoesNotExist
-------------------------------------------------------------------
34672 [main] INFO net.serenitybdd.core.Serenity - TEST NUMBER: 106
]]></system-err>
  </testcase>
  <testcase name="getAllStudents" classname="com.studentapp.junit.studentsinfo.FirstSerenityTest" time="0.303"/>
</testsuite>