<?xml version="1.0" encoding="UTF-8"?><testsuite errors="0" failures="0" name="com.studentapp.junit.studentinfo.StudentCrudTest" skipped="0" tests="4" time="1.64" timestamp="2019-01-25 01:09:55"><testcase classname="com.studentapp.junit.studentinfo.StudentCrudTest" name="This test will create a new student"/><testcase classname="com.studentapp.junit.studentinfo.StudentCrudTest" name="This test will verify newly added student"/><testcase classname="com.studentapp.junit.studentinfo.StudentCrudTest" name="This test will update student information and Verify the info got updated"/><testcase classname="com.studentapp.junit.studentinfo.StudentCrudTest" name="This test will delete the student and will also verify"/></testsuite>