<?xml version="1.0" encoding="UTF-8"?><testsuite errors="1" failures="1" name="com.studentapp.tests.FirstSerenityTest" skipped="2" tests="5" time="3.2" timestamp="2019-01-17 10:25:29"><testcase classname="com.studentapp.tests.FirstSerenityTest" name="Error test"><error message="/ by zero" type="java.lang.ArithmeticException">/ by zero</error><system-err>/ by zero&#13;
com.studentapp.tests.FirstSerenityTest.ErrorTest(FirstSerenityTest.java:48)&#13;
</system-err></testcase><testcase classname="com.studentapp.tests.FirstSerenityTest" name="This is pending test"><skipped/></testcase><testcase classname="com.studentapp.tests.FirstSerenityTest" name="Get all student"/><testcase classname="com.studentapp.tests.FirstSerenityTest" name="Manual test"><skipped/></testcase><testcase classname="com.studentapp.tests.FirstSerenityTest" name="This is failing test"><failure message="1 expectation failed.&#10;Expected status code &lt;201&gt; but was &lt;200&gt;.&#10;" type="java.lang.AssertionError">1 expectation failed.
Expected status code &lt;201&gt; but was &lt;200&gt;.
</failure><system-err>1 expectation failed.
Expected status code &lt;201&gt; but was &lt;200&gt;.
&#13;
io.restassured.internal.ResponseSpecificationImpl.validateResponseIfRequired(ResponseSpecificationImpl.groovy:636)&#13;
io.restassured.internal.ResponseSpecificationImpl.statusCode(ResponseSpecificationImpl.groovy:122)&#13;
io.restassured.internal.ResponseSpecificationImpl.statusCode(ResponseSpecificationImpl.groovy:130)&#13;
io.restassured.internal.ValidatableResponseOptionsImpl.statusCode(ValidatableResponseOptionsImpl.java:117)&#13;
com.studentapp.tests.FirstSerenityTest.thisIsFailingTest(FirstSerenityTest.java:36)&#13;
</system-err></testcase></testsuite>